<?xml version="1.0" encoding="UTF-8"?>
<testsuite name="org.example.RentalAgencyTest" tests="1" skipped="0" failures="0" errors="0" timestamp="2024-12-29T21:57:11" hostname="MYPC" time="0.127">
  <properties/>
  <testcase name="testCompleteTransaction()" classname="org.example.RentalAgencyTest" time="0.127"/>
  <system-out><![CDATA[Tesla rented by Kwabena for 4 days
Rental Successful
TransactionId: 1
Customer: Kwabena
Vehicle: Tesla
Start Date: 2024-12-29
End Date: 2025-01-02
Total Cost: $586.0
Status: Ongoing

Tesla returned
TransactionId: 1
Customer: Kwabena
Vehicle: Tesla
Start Date: 2024-12-29
End Date: 2025-01-02
Total Cost: $586.0
Status: Returned

]]></system-out>
  <system-err><![CDATA[]]></system-err>
</testsuite>
